/COM,ANSYS RELEASE 2020 R1           BUILD 20.1      UP20191203       15:16:57

 *** ERROR ***                           CP =       0.641   TIME= 15:17:10
 There is at least 1 small equation solver pivot term (e.g., at the ROTX 
 degree of freedom of node 62).  Please check for an insufficiently      
 constrained model.                                                      
/COM,ANSYS RELEASE 2020 R1           BUILD 20.1      UP20191203       16:00:36

 *** WARNING ***                         CP =       0.516   TIME= 16:00:48
 The requested database is not available.  The ETABLE command is         
 ignored.                                                                

 *** WARNING ***                         CP =       0.516   TIME= 16:00:48
 No element table items are available.  The PRETAB command is ignored.   
/COM,ANSYS RELEASE 2020 R1           BUILD 20.1      UP20191203       16:05:04

 *** WARNING ***                         CP =       0.547   TIME= 16:05:15
 The requested database is not available.  The ETABLE command is         
 ignored.                                                                

 *** WARNING ***                         CP =       0.547   TIME= 16:05:15
 No element table items are available.  The PRETAB command is ignored.   
/COM,ANSYS RELEASE 2020 R1           BUILD 20.1      UP20191203       16:09:24

 *** WARNING ***                         CP =       0.547   TIME= 16:09:36
 The requested database is not available.  The ETABLE command is         
 ignored.                                                                

 *** WARNING ***                         CP =       0.547   TIME= 16:09:36
 No element table items are available.  The PRETAB command is ignored.   
/COM,ANSYS RELEASE 2020 R1           BUILD 20.1      UP20191203       16:11:09

 *** WARNING ***                         CP =       0.578   TIME= 16:11:21
 The requested database is not available.  The ETABLE command is         
 ignored.                                                                

 *** WARNING ***                         CP =       0.578   TIME= 16:11:21
 No element table items are available.  The PRETAB command is ignored.   
/COM,ANSYS RELEASE 2020 R1           BUILD 20.1      UP20191203       16:11:43

 *** WARNING ***                         CP =       0.531   TIME= 16:11:57
 The requested database is not available.  The ETABLE command is         
 ignored.                                                                

 *** WARNING ***                         CP =       0.531   TIME= 16:11:57
 No element table items are available.  The PRETAB command is ignored.   
/COM,ANSYS RELEASE 2020 R1           BUILD 20.1      UP20191203       16:49:12

 *** WARNING ***                         CP =       0.500   TIME= 16:49:24
 The requested database is not available.  The ETABLE command is         
 ignored.                                                                

 *** WARNING ***                         CP =       0.500   TIME= 16:49:24
 No element table items are available.  The PRETAB command is ignored.   
/COM,ANSYS RELEASE 2020 R1           BUILD 20.1      UP20191203       17:27:05

 *** WARNING ***                         CP =       0.531   TIME= 17:27:18
 The requested database is not available.  The ETABLE command is         
 ignored.                                                                

 *** WARNING ***                         CP =       0.531   TIME= 17:27:18
 No element table items are available.  The PRETAB command is ignored.   
/COM,ANSYS RELEASE 2020 R1           BUILD 20.1      UP20191203       17:28:22

 *** WARNING ***                         CP =       0.578   TIME= 17:28:35
 The requested database is not available.  The ETABLE command is         
 ignored.                                                                

 *** WARNING ***                         CP =       0.578   TIME= 17:28:35
 No element table items are available.  The PRETAB command is ignored.   
/COM,ANSYS RELEASE 2020 R1           BUILD 20.1      UP20191203       17:30:51

 *** WARNING ***                         CP =       0.609   TIME= 17:31:04
 The requested database is not available.  The ETABLE command is         
 ignored.                                                                

 *** WARNING ***                         CP =       0.609   TIME= 17:31:04
 No element table items are available.  The PRETAB command is ignored.   
/COM,ANSYS RELEASE 2020 R1           BUILD 20.1      UP20191203       17:33:12

 *** WARNING ***                         CP =       0.531   TIME= 17:33:25
 The requested database is not available.  The ETABLE command is         
 ignored.                                                                

 *** WARNING ***                         CP =       0.531   TIME= 17:33:25
 No element table items are available.  The PRETAB command is ignored.   
/COM,ANSYS RELEASE 2020 R1           BUILD 20.1      UP20191203       17:37:53

 *** WARNING ***                         CP =       0.578   TIME= 17:38:06
 The requested database is not available.  The ETABLE command is         
 ignored.                                                                

 *** WARNING ***                         CP =       0.578   TIME= 17:38:06
 No element table items are available.  The PRETAB command is ignored.   
/COM,ANSYS RELEASE 2020 R1           BUILD 20.1      UP20191203       17:38:59

 *** WARNING ***                         CP =       0.547   TIME= 17:39:15
 The requested database is not available.  The ETABLE command is         
 ignored.                                                                

 *** WARNING ***                         CP =       0.547   TIME= 17:39:15
 No element table items are available.  The PRETAB command is ignored.   
/COM,ANSYS RELEASE 2020 R1           BUILD 20.1      UP20191203       17:40:52

 *** WARNING ***                         CP =       0.500   TIME= 17:41:05
 The requested database is not available.  The ETABLE command is         
 ignored.                                                                

 *** WARNING ***                         CP =       0.500   TIME= 17:41:05
 No element table items are available.  The PRETAB command is ignored.   
/COM,ANSYS RELEASE 2020 R1           BUILD 20.1      UP20191203       17:50:23

 *** WARNING ***                         CP =       0.547   TIME= 17:50:36
 The requested database is not available.  The ETABLE command is         
 ignored.                                                                

 *** WARNING ***                         CP =       0.547   TIME= 17:50:36
 No element table items are available.  The PRETAB command is ignored.   
/COM,ANSYS RELEASE 2020 R1           BUILD 20.1      UP20191203       17:51:03

 *** WARNING ***                         CP =       0.516   TIME= 17:51:19
 The requested database is not available.  The ETABLE command is         
 ignored.                                                                

 *** WARNING ***                         CP =       0.516   TIME= 17:51:19
 No element table items are available.  The PRETAB command is ignored.   
/COM,ANSYS RELEASE 2020 R1           BUILD 20.1      UP20191203       07:57:53

 *** WARNING ***                         CP =       0.578   TIME= 07:58:06
 The requested database is not available.  The ETABLE command is         
 ignored.                                                                

 *** WARNING ***                         CP =       0.578   TIME= 07:58:06
 No element table items are available.  The PRETAB command is ignored.   
/COM,ANSYS RELEASE 2020 R1           BUILD 20.1      UP20191203       07:58:40

 *** WARNING ***                         CP =       0.547   TIME= 07:58:56
 The requested database is not available.  The ETABLE command is         
 ignored.                                                                

 *** WARNING ***                         CP =       0.547   TIME= 07:58:56
 No element table items are available.  The PRETAB command is ignored.   
/COM,ANSYS RELEASE 2020 R1           BUILD 20.1      UP20191203       08:02:24

 *** WARNING ***                         CP =       0.609   TIME= 08:02:37
 The requested database is not available.  The ETABLE command is         
 ignored.                                                                

 *** WARNING ***                         CP =       0.609   TIME= 08:02:37
 No element table items are available.  The PRETAB command is ignored.   
/COM,ANSYS RELEASE 2020 R1           BUILD 20.1      UP20191203       08:05:41

 *** WARNING ***                         CP =       0.516   TIME= 08:05:54
 The requested database is not available.  The ETABLE command is         
 ignored.                                                                

 *** WARNING ***                         CP =       0.516   TIME= 08:05:54
 No element table items are available.  The PRETAB command is ignored.   
/COM,ANSYS RELEASE 2020 R1           BUILD 20.1      UP20191203       08:14:23

 *** WARNING ***                         CP =       0.547   TIME= 08:14:36
 The requested database is not available.  The ETABLE command is         
 ignored.                                                                

 *** WARNING ***                         CP =       0.547   TIME= 08:14:36
 No element table items are available.  The PRETAB command is ignored.   
/COM,ANSYS RELEASE 2020 R1           BUILD 20.1      UP20191203       08:16:53

 *** WARNING ***                         CP =       0.625   TIME= 08:17:06
 The requested database is not available.  The ETABLE command is         
 ignored.                                                                

 *** WARNING ***                         CP =       0.625   TIME= 08:17:06
 No element table items are available.  The PRETAB command is ignored.   
